SocialLogin/app/build/intermediates/manifest_merge_blame_file/debug/manifest-merger-blame-debug-report.txt
1<?xml version="1.0" encoding="utf-8"?>
2<manifest xmlns:android="http://schemas.android.com/apk/res/android"
3    package="com.example.sociallogin"
4    android:versionCode="1"
5    android:versionName="1.0" >
6
7    <uses-sdk
8        android:minSdkVersion="19"
8-->src\main\AndroidManifest.xml
9        android:targetSdkVersion="29" />
9-->src\main\AndroidManifest.xml
10
11    <application
11-->src\main\AndroidManifest.xml:5:5-22:19
12        android:allowBackup="true"
12-->src\main\AndroidManifest.xml:6:9-35
13        android:appComponentFactory="androidx.core.app.CoreComponentFactory"
13-->[androidx.core:core:1.1.0] AndroidManifest.xml:24:18-86
14        android:debuggable="true"
15        android:icon="@mipmap/ic_launcher"
15-->src\main\AndroidManifest.xml:7:9-43
16        android:label="@string/app_name"
16-->src\main\AndroidManifest.xml:8:9-41
17        android:roundIcon="@mipmap/ic_launcher_round"
17-->src\main\AndroidManifest.xml:9:9-54
18        android:supportsRtl="true"
18-->src\main\AndroidManifest.xml:10:9-35
19        android:testOnly="true"
20        android:theme="@style/AppTheme" >
20-->src\main\AndroidManifest.xml:11:9-40
21        <activity android:name="com.example.sociallogin.LoginActivity" >
21-->src\main\AndroidManifest.xml:12:9-18:20
21-->src\main\AndroidManifest.xml:12:19-48
22            <intent-filter>
22-->src\main\AndroidManifest.xml:13:13-17:29
23                <action android:name="android.intent.action.MAIN" />
23-->src\main\AndroidManifest.xml:14:17-69
23-->src\main\AndroidManifest.xml:14:25-66
24
25                <category android:name="android.intent.category.LAUNCHER" />
25-->src\main\AndroidManifest.xml:16:17-77
25-->src\main\AndroidManifest.xml:16:27-74
26            </intent-filter>
27        </activity>
28        <activity android:name="com.example.sociallogin.MainActivity" >
28-->src\main\AndroidManifest.xml:19:9-21:20
28-->src\main\AndroidManifest.xml:19:19-47
29        </activity>
30        <activity
30-->[com.google.android.gms:play-services-auth:18.0.0] AndroidManifest.xml:23:9-27:75
31            android:name="com.google.android.gms.auth.api.signin.internal.SignInHubActivity"
31-->[com.google.android.gms:play-services-auth:18.0.0] AndroidManifest.xml:24:13-93
32            android:excludeFromRecents="true"
32-->[com.google.android.gms:play-services-auth:18.0.0] AndroidManifest.xml:25:13-46
33            android:exported="false"
33-->[com.google.android.gms:play-services-auth:18.0.0] AndroidManifest.xml:26:13-37
34            android:theme="@android:style/Theme.Translucent.NoTitleBar" />
34-->[com.google.android.gms:play-services-auth:18.0.0] AndroidManifest.xml:27:13-72
35        <!--
36            Service handling Google Sign-In user revocation. For apps that do not integrate with
37            Google Sign-In, this service will never be started.
38        -->
39        <service
39-->[com.google.android.gms:play-services-auth:18.0.0] AndroidManifest.xml:33:9-36:110
40            android:name="com.google.android.gms.auth.api.signin.RevocationBoundService"
40-->[com.google.android.gms:play-services-auth:18.0.0] AndroidManifest.xml:34:13-89
41            android:exported="true"
41-->[com.google.android.gms:play-services-auth:18.0.0] AndroidManifest.xml:35:13-36
42            android:permission="com.google.android.gms.auth.api.signin.permission.REVOCATION_NOTIFICATION" />
42-->[com.google.android.gms:play-services-auth:18.0.0] AndroidManifest.xml:36:13-107
43
44        <activity
44-->[com.google.android.gms:play-services-base:17.1.0] AndroidManifest.xml:23:9-26:75
45            android:name="com.google.android.gms.common.api.GoogleApiActivity"
45-->[com.google.android.gms:play-services-base:17.1.0] AndroidManifest.xml:24:13-79
46            android:exported="false"
46-->[com.google.android.gms:play-services-base:17.1.0] AndroidManifest.xml:25:13-37
47            android:theme="@android:style/Theme.Translucent.NoTitleBar" />
47-->[com.google.android.gms:play-services-base:17.1.0] AndroidManifest.xml:26:13-72
48
49        <meta-data
49-->[com.google.android.gms:play-services-basement:17.1.1] AndroidManifest.xml:23:9-25:69
50            android:name="com.google.android.gms.version"
50-->[com.google.android.gms:play-services-basement:17.1.1] AndroidManifest.xml:24:13-58
51            android:value="@integer/google_play_services_version" />
51-->[com.google.android.gms:play-services-basement:17.1.1] AndroidManifest.xml:25:13-66
52    </application>
53
54</manifest>